Build started 2/21/2016 2:10:13 AM.
     1>Project "E:\Users\jasx\Desktop\Graphics Demo\GraphicsProject\GraphicsProject\GraphicsProject.vcxproj" on node 2 (Build target(s)).
     1>FxCompile:
         C:\Program Files (x86)\Windows Kits\8.1\bin\x86\fxc.exe /nologo /E"main" /T ds_5_0 /Fh "DomainShader.csh" /Fo "E:\Users\jasx\Desktop\Graphics Demo\GraphicsProject\Debug\DomainShader.cso" /Vn "DomainShader" /Od /Zi DomainShader.hlsl 
         compilation header save succeeded; see E:\Users\jasx\Desktop\Graphics Demo\GraphicsProject\GraphicsProject\DomainShader.csh
         compilation object save succeeded; see E:\Users\jasx\Desktop\Graphics Demo\GraphicsProject\Debug\DomainShader.cso
       ClCompile:
         E:\Program Files (x86)\Microsoft Visual Studio 12.0\VC\bin\CL.exe /c /I"C:\Program Files (x86)\Visual Leak Detector\include" /ZI /nologo /W3 /WX- /Od /Oy- /D WIN32 /D _DEBUG /D _WINDOWS /D _UNICODE /D UNICODE /Gm /EHsc /RTC1 /MDd /GS /fp:precise /Zc:wchar_t /Zc:forScope /Fo"Debug\\" /Fd"Debug\vc120.pdb" /Gd /TP /analyze- /errorReport:prompt Shaders.cpp
         Shaders.cpp
       Link:
         E:\Program Files (x86)\Microsoft Visual Studio 12.0\VC\bin\link.exe /ERRORREPORT:PROMPT /OUT:"E:\Users\jasx\Desktop\Graphics Demo\GraphicsProject\Debug\GraphicsProject.exe" /INCREMENTAL /NOLOGO /LIBPATH:"C:\Program Files\Autodesk\FBX\FBX SDK\2015.1\lib\vs2013\x86\debug" /LIBPATH:"C:\Program Files (x86)\Visual Leak Detector\lib\Win32" libfbxsdk.lib kernel32.lib user32.lib gdi32.lib winspool.lib comdlg32.lib advapi32.lib shell32.lib ole32.lib oleaut32.lib uuid.lib odbc32.lib odbccp32.lib /MANIFEST /MANIFESTUAC:"level='asInvoker' uiAccess='false'" /manifest:embed /DEBUG /PDB:"E:\Users\jasx\Desktop\Graphics Demo\GraphicsProject\Debug\GraphicsProject.pdb" /SUBSYSTEM:WINDOWS /TLBID:1 /DYNAMICBASE /NXCOMPAT /IMPLIB:"E:\Users\jasx\Desktop\Graphics Demo\GraphicsProject\Debug\GraphicsProject.lib" /MACHINE:X86 Debug\BufferManager.obj
         Debug\Camera.obj
         Debug\DDSTextureLoader.obj
         Debug\float3.obj
         Debug\float4x4.obj
         Debug\main.obj
         Debug\RenderList.obj
         Debug\RenderObject.obj
         Debug\Renderer.obj
         Debug\RenderObject2D.obj
         Debug\Shaders.obj
         Debug\TerrainRenderObject.obj
         Debug\TextureManager.obj
         Debug\XTime.obj
         GraphicsProject.vcxproj -> E:\Users\jasx\Desktop\Graphics Demo\GraphicsProject\Debug\GraphicsProject.exe
     1>Done Building Project "E:\Users\jasx\Desktop\Graphics Demo\GraphicsProject\GraphicsProject\GraphicsProject.vcxproj" (Build target(s)).

Build succeeded.

Time Elapsed 00:00:01.29
